#
# There is insufficient memory for the Java Runtime Environment to continue.
# Native memory allocation (malloc) failed to allocate 1373584 bytes for Chunk::new
# Possible reasons:
#   The system is out of physical RAM or swap space
#   In 32 bit mode, the process size limit was hit
# Possible solutions:
#   Reduce memory load on the system
#   Increase physical memory or swap space
#   Check if swap backing store is full
#   Use 64 bit Java on a 64 bit OS
#   Decrease Java heap size (-Xmx/-Xms)
#   Decrease number of Java threads
#   Decrease Java thread stack sizes (-Xss)
#   Set larger code cache with -XX:ReservedCodeCacheSize=
# This output file may be truncated or incomplete.
#
#  Out of Memory Error (allocation.cpp:390), pid=23100, tid=0x0000000000004ee8
#
# JRE version: OpenJDK Runtime Environment (8.0_152-b06) (build 1.8.0_152-release-1136-b06)
# Java VM: OpenJDK 64-Bit Server VM (25.152-b06 mixed mode windows-amd64 compressed oops)
# Failed to write core dump. Minidumps are not enabled by default on client versions of Windows
#

---------------  T H R E A D  ---------------

Current thread (0x0000000014bca000):  JavaThread "C2 CompilerThread0" daemon [_thread_in_native, id=20200, stack(0x0000000016220000,0x0000000016320000)]

Stack: [0x0000000016220000,0x0000000016320000]
[error occurred during error reporting (printing stack bounds), id 0xc0000005]

Native frames: (J=compiled Java code, j=interpreted, Vv=VM code, C=native code)


Current CompileTask:
C2:   9040 2766       4       groovy.lang.MetaClassImpl$1MOPIter::methodNameAction (479 bytes)


---------------  P R O C E S S  ---------------

Java Threads: ( => current thread )
  0x0000000017da9800 JavaThread "File lock request listener" [_thread_in_native, id=21776, stack(0x000000001a540000,0x000000001a640000)]
  0x000000001787e800 JavaThread "Stdin handler" [_thread_blocked, id=1164, stack(0x0000000018e70000,0x0000000018f70000)]
  0x0000000017884000 JavaThread "Daemon worker" [_thread_in_native, id=19224, stack(0x0000000018d70000,0x0000000018e70000)]
  0x00000000174a3000 JavaThread "Cancel handler" [_thread_blocked, id=22656, stack(0x0000000018c70000,0x0000000018d70000)]
  0x0000000017629000 JavaThread "Handler for socket connection from /127.0.0.1:65164 to /127.0.0.1:65165" [_thread_in_native, id=20272, stack(0x0000000018b70000,0x0000000018c70000)]
  0x000000001749c000 JavaThread "Daemon" [_thread_blocked, id=7876, stack(0x0000000018a70000,0x0000000018b70000)]
  0x00000000177ce000 JavaThread "Incoming local TCP Connector on port 65164" [_thread_in_native, id=15860, stack(0x0000000018630000,0x0000000018730000)]
  0x0000000014c1d800 JavaThread "Service Thread" daemon [_thread_blocked, id=11364, stack(0x0000000016920000,0x0000000016a20000)]
  0x0000000014bc6000 JavaThread "C1 CompilerThread2" daemon [_thread_blocked, id=20464, stack(0x0000000016420000,0x0000000016520000)]
  0x0000000014bbe800 JavaThread "C2 CompilerThread1" daemon [_thread_blocked, id=22476, stack(0x0000000016320000,0x0000000016420000)]
=>0x0000000014bca000 JavaThread "C2 CompilerThread0" daemon [_thread_in_native, id=20200, stack(0x0000000016220000,0x0000000016320000)]
  0x0000000014bc9000 JavaThread "Attach Listener" daemon [_thread_blocked, id=3248, stack(0x0000000016120000,0x0000000016220000)]
  0x0000000014bc8000 JavaThread "Signal Dispatcher" daemon [_thread_blocked, id=7544, stack(0x0000000016020000,0x0000000016120000)]
  0x0000000014bad000 JavaThread "Finalizer" daemon [_thread_blocked, id=10648, stack(0x0000000015e30000,0x0000000015f30000)]
  0x0000000014b86800 JavaThread "Reference Handler" daemon [_thread_blocked, id=19068, stack(0x0000000015d30000,0x0000000015e30000)]
  0x00000000023d2800 JavaThread "main" [_thread_blocked, id=19232, stack(0x00000000022c0000,0x00000000023c0000)]

Other Threads:
  0x0000000014b85800 VMThread [stack: 0x0000000015c30000,0x0000000015d30000] [id=12688]
  0x0000000016569800 WatcherThread [stack: 0x0000000016a20000,0x0000000016b20000] [id=14792]

VM state:not at safepoint (normal execution)

VM Mutex/Monitor currently owned by a thread: None

Heap:
 PSYoungGen      total 107520K, used 44281K [0x00000000eab00000, 0x00000000f2380000, 0x0000000100000000)
  eden space 98816K, 37% used [0x00000000eab00000,0x00000000ececc780,0x00000000f0b80000)
  from space 8704K, 87% used [0x00000000f1b00000,0x00000000f2271ff8,0x00000000f2380000)
  to   space 12288K, 0% used [0x00000000f0b80000,0x00000000f0b80000,0x00000000f1780000)
 ParOldGen       total 98816K, used 7713K [0x00000000c0000000, 0x00000000c6080000, 0x00000000eab00000)
  object space 98816K, 7% used [0x00000000c0000000,0x00000000c0788558,0x00000000c6080000)
 Metaspace       used 31166K, capacity 32008K, committed 32256K, reserved 1077248K
  class space    used 4044K, capacity 4297K, committed 4352K, reserved 1048576K

Card table byte_map: [0x00000000118b0000,0x0000000011ac0000] byte_map_base: 0x00000000112b0000

Marking Bits: (ParMarkBitMap*) 0x000000006ba15aa0
 Begin Bits: [0x0000000012020000, 0x0000000013020000)
 End Bits:   [0x0000000013020000, 0x0000000014020000)

Polling page: 0x00000000001f0000

CodeCache: size=245760Kb used=11704Kb max_used=11715Kb free=234055Kb
 bounds [0x00000000024f0000, 0x0000000003070000, 0x00000000114f0000]
 total_blobs=3590 nmethods=2930 adapters=572
 compilation: enabled

Compilation events (10 events):
Event: 9.032 Thread 0x0000000014bc6000 2936       3       com.sun.org.apache.xerces.internal.parsers.XML11Configuration::getFeatureState0 (6 bytes)
Event: 9.033 Thread 0x0000000014bc6000 nmethod 2936 0x0000000003062010 code [0x0000000003062180, 0x0000000003062308]
Event: 9.033 Thread 0x0000000014bc6000 2937       3       java.lang.String::regionMatches (91 bytes)
Event: 9.033 Thread 0x0000000014bc6000 nmethod 2937 0x0000000003062390 code [0x0000000003062500, 0x00000000030628b0]
Event: 9.034 Thread 0x0000000014bc6000 2938       1       org.apache.ivy.core.module.descriptor.Configuration::getName (5 bytes)
Event: 9.034 Thread 0x0000000014bc6000 nmethod 2938 0x0000000003062a90 code [0x0000000003062be0, 0x0000000003062cf0]
Event: 9.034 Thread 0x0000000014bc6000 2939       3       java.util.Arrays::copyOfRange (63 bytes)
Event: 9.035 Thread 0x0000000014bc6000 nmethod 2939 0x0000000003062d50 code [0x0000000003062f60, 0x0000000003063a98]
Event: 9.036 Thread 0x0000000014bbe800 2940       4       java.net.URI::match (56 bytes)
Event: 9.037 Thread 0x0000000014bbe800 nmethod 2940 0x0000000003066c90 code [0x0000000003066dc0, 0x0000000003066e78]

GC Heap History (10 events):
Event: 3.679 GC heap before
{Heap before GC invocations=3 (full 0):
 PSYoungGen      total 76288K, used 16896K [0x00000000eab00000, 0x00000000f0000000, 0x0000000100000000)
  eden space 65536K, 9% used [0x00000000eab00000,0x00000000eb106a18,0x00000000eeb00000)
  from space 10752K, 99% used [0x00000000ef580000,0x00000000efff9820,0x00000000f0000000)
  to   space 10752K, 0% used [0x00000000eeb00000,0x00000000eeb00000,0x00000000ef580000)
 ParOldGen       total 175104K, used 414K [0x00000000c0000000, 0x00000000cab00000, 0x00000000eab00000)
  object space 175104K, 0% used [0x00000000c0000000,0x00000000c00678c0,0x00000000cab00000)
 Metaspace       used 20766K, capacity 21112K, committed 21296K, reserved 1067008K
  class space    used 2705K, capacity 2826K, committed 2944K, reserved 1048576K
Event: 3.685 GC heap after
Heap after GC invocations=3 (full 0):
 PSYoungGen      total 76288K, used 7922K [0x00000000eab00000, 0x00000000f0000000, 0x0000000100000000)
  eden space 65536K, 0% used [0x00000000eab00000,0x00000000eab00000,0x00000000eeb00000)
  from space 10752K, 73% used [0x00000000eeb00000,0x00000000ef2bca50,0x00000000ef580000)
  to   space 10752K, 0% used [0x00000000ef580000,0x00000000ef580000,0x00000000f0000000)
 ParOldGen       total 175104K, used 422K [0x00000000c0000000, 0x00000000cab00000, 0x00000000eab00000)
  object space 175104K, 0% used [0x00000000c0000000,0x00000000c00698c0,0x00000000cab00000)
 Metaspace       used 20766K, capacity 21112K, committed 21296K, reserved 1067008K
  class space    used 2705K, capacity 2826K, committed 2944K, reserved 1048576K
}
Event: 3.685 GC heap before
{Heap before GC invocations=4 (full 1):
 PSYoungGen      total 76288K, used 7922K [0x00000000eab00000, 0x00000000f0000000, 0x0000000100000000)
  eden space 65536K, 0% used [0x00000000eab00000,0x00000000eab00000,0x00000000eeb00000)
  from space 10752K, 73% used [0x00000000eeb00000,0x00000000ef2bca50,0x00000000ef580000)
  to   space 10752K, 0% used [0x00000000ef580000,0x00000000ef580000,0x00000000f0000000)
 ParOldGen       total 175104K, used 422K [0x00000000c0000000, 0x00000000cab00000, 0x00000000eab00000)
  object space 175104K, 0% used [0x00000000c0000000,0x00000000c00698c0,0x00000000cab00000)
 Metaspace       used 20766K, capacity 21112K, committed 21296K, reserved 1067008K
  class space    used 2705K, capacity 2826K, committed 2944K, reserved 1048576K
Event: 3.735 GC heap after
Heap after GC invocations=4 (full 1):
 PSYoungGen      total 76288K, used 0K [0x00000000eab00000, 0x00000000f0000000, 0x0000000100000000)
  eden space 65536K, 0% used [0x00000000eab00000,0x00000000eab00000,0x00000000eeb00000)
  from space 10752K, 0% used [0x00000000eeb00000,0x00000000eeb00000,0x00000000ef580000)
  to   space 10752K, 0% used [0x00000000ef580000,0x00000000ef580000,0x00000000f0000000)
 ParOldGen       total 98816K, used 7705K [0x00000000c0000000, 0x00000000c6080000, 0x00000000eab00000)
  object space 98816K, 7% used [0x00000000c0000000,0x00000000c0786558,0x00000000c6080000)
 Metaspace       used 20766K, capacity 21112K, committed 21296K, reserved 1067008K
  class space    used 2705K, capacity 2826K, committed 2944K, reserved 1048576K
}
Event: 6.772 GC heap before
{Heap before GC invocations=5 (full 1):
 PSYoungGen      total 76288K, used 65536K [0x00000000eab00000, 0x00000000f0000000, 0x0000000100000000)
  eden space 65536K, 100% used [0x00000000eab00000,0x00000000eeb00000,0x00000000eeb00000)
  from space 10752K, 0% used [0x00000000eeb00000,0x00000000eeb00000,0x00000000ef580000)
  to   space 10752K, 0% used [0x00000000ef580000,0x00000000ef580000,0x00000000f0000000)
 ParOldGen       total 98816K, used 7705K [0x00000000c0000000, 0x00000000c6080000, 0x00000000eab00000)
  object space 98816K, 7% used [0x00000000c0000000,0x00000000c0786558,0x00000000c6080000)
 Metaspace       used 25279K, capacity 25730K, committed 25984K, reserved 1071104K
  class space    used 3288K, capacity 3421K, committed 3456K, reserved 1048576K
Event: 6.776 GC heap after
Heap after GC invocations=5 (full 1):
 PSYoungGen      total 76288K, used 5759K [0x00000000eab00000, 0x00000000f2380000, 0x0000000100000000)
  eden space 65536K, 0% used [0x00000000eab00000,0x00000000eab00000,0x00000000eeb00000)
  from space 10752K, 53% used [0x00000000ef580000,0x00000000efb1fd68,0x00000000f0000000)
  to   space 10752K, 0% used [0x00000000eeb00000,0x00000000eeb00000,0x00000000ef580000)
 ParOldGen       total 98816K, used 7705K [0x00000000c0000000, 0x00000000c6080000, 0x00000000eab00000)
  object space 98816K, 7% used [0x00000000c0000000,0x00000000c0786558,0x00000000c6080000)
 Metaspace       used 25279K, capacity 25730K, committed 25984K, reserved 1071104K
  class space    used 3288K, capacity 3421K, committed 3456K, reserved 1048576K
}
Event: 6.984 GC heap before
{Heap before GC invocations=6 (full 1):
 PSYoungGen      total 76288K, used 71295K [0x00000000eab00000, 0x00000000f2380000, 0x0000000100000000)
  eden space 65536K, 100% used [0x00000000eab00000,0x00000000eeb00000,0x00000000eeb00000)
  from space 10752K, 53% used [0x00000000ef580000,0x00000000efb1fd68,0x00000000f0000000)
  to   space 10752K, 0% used [0x00000000eeb00000,0x00000000eeb00000,0x00000000ef580000)
 ParOldGen       total 98816K, used 7705K [0x00000000c0000000, 0x00000000c6080000, 0x00000000eab00000)
  object space 98816K, 7% used [0x00000000c0000000,0x00000000c0786558,0x00000000c6080000)
 Metaspace       used 25331K, capacity 25794K, committed 25984K, reserved 1071104K
  class space    used 3288K, capacity 3421K, committed 3456K, reserved 1048576K
Event: 6.987 GC heap after
Heap after GC invocations=6 (full 1):
 PSYoungGen      total 76288K, used 2672K [0x00000000eab00000, 0x00000000f2780000, 0x0000000100000000)
  eden space 65536K, 0% used [0x00000000eab00000,0x00000000eab00000,0x00000000eeb00000)
  from space 10752K, 24% used [0x00000000eeb00000,0x00000000eed9c030,0x00000000ef580000)
  to   space 12800K, 0% used [0x00000000f1b00000,0x00000000f1b00000,0x00000000f2780000)
 ParOldGen       total 98816K, used 7705K [0x00000000c0000000, 0x00000000c6080000, 0x00000000eab00000)
  object space 98816K, 7% used [0x00000000c0000000,0x00000000c0786558,0x00000000c6080000)
 Metaspace       used 25331K, capacity 25794K, committed 25984K, reserved 1071104K
  class space    used 3288K, capacity 3421K, committed 3456K, reserved 1048576K
}
Event: 8.360 GC heap before
{Heap before GC invocations=7 (full 1):
 PSYoungGen      total 76288K, used 68208K [0x00000000eab00000, 0x00000000f2780000, 0x0000000100000000)
  eden space 65536K, 100% used [0x00000000eab00000,0x00000000eeb00000,0x00000000eeb00000)
  from space 10752K, 24% used [0x00000000eeb00000,0x00000000eed9c030,0x00000000ef580000)
  to   space 12800K, 0% used [0x00000000f1b00000,0x00000000f1b00000,0x00000000f2780000)
 ParOldGen       total 98816K, used 7705K [0x00000000c0000000, 0x00000000c6080000, 0x00000000eab00000)
  object space 98816K, 7% used [0x00000000c0000000,0x00000000c0786558,0x00000000c6080000)
 Metaspace       used 28620K, capacity 29320K, committed 29568K, reserved 1075200K
  class space    used 3696K, capacity 3890K, committed 3968K, reserved 1048576K
Event: 8.367 GC heap after
Heap after GC invocations=7 (full 1):
 PSYoungGen      total 107520K, used 7623K [0x00000000eab00000, 0x00000000f2380000, 0x0000000100000000)
  eden space 98816K, 0% used [0x00000000eab00000,0x00000000eab00000,0x00000000f0b80000)
  from space 8704K, 87% used [0x00000000f1b00000,0x00000000f2271ff8,0x00000000f2380000)
  to   space 12288K, 0% used [0x00000000f0b80000,0x00000000f0b80000,0x00000000f1780000)
 ParOldGen       total 98816K, used 7713K [0x00000000c0000000, 0x00000000c6080000, 0x00000000eab00000)
  object space 98816K, 7% used [0x00000000c0000000,0x00000000c0788558,0x00000000c6080000)
 Metaspace       used 28620K, capacity 29320K, committed 29568K, reserved 1075200K
  class space    used 3696K, capacity 3890K, committed 3968K, reserved 1048576K
}

Deoptimization events (10 events):
Event: 6.854 Thread 0x0000000017884000 Uncommon trap: reason=unstable_if action=reinterpret pc=0x0000000002aaf7cc method=org.codehaus.groovy.ast.ClassNode.redirect()Lorg/codehaus/groovy/ast/ClassNode; @ 4
Event: 6.855 Thread 0x0000000017884000 Uncommon trap: reason=unstable_if action=reinterpret pc=0x0000000002cfb688 method=org.codehaus.groovy.ast.ClassNode.getInterfaces()[Lorg/codehaus/groovy/ast/ClassNode; @ 7
Event: 6.867 Thread 0x0000000017884000 Uncommon trap: reason=unstable_if action=reinterpret pc=0x0000000002d9e568 method=org.gradle.groovy.scripts.internal.DefaultScriptCompilationHandler$ShortcutClassNodeResolver.findClassNode(Ljava/lang/String;Lorg/codehaus/groovy/control/CompilationUnit;)Lo
Event: 6.965 Thread 0x0000000017884000 Uncommon trap: reason=unstable_if action=reinterpret pc=0x0000000002dc9048 method=org.codehaus.groovy.control.ResolveVisitor.resolveNestedClass(Lorg/codehaus/groovy/ast/ClassNode;)Z @ 4
Event: 6.965 Thread 0x0000000017884000 Uncommon trap: reason=unstable_if action=reinterpret pc=0x0000000002d6b8a8 method=org.codehaus.groovy.ast.ClassNode.getAllInterfaces(Ljava/util/Set;)V @ 29
Event: 8.069 Thread 0x0000000017884000 Uncommon trap: reason=unstable_if action=reinterpret pc=0x00000000029bb6bc method=java.util.HashMap.hash(Ljava/lang/Object;)I @ 1
Event: 8.075 Thread 0x0000000017884000 Uncommon trap: reason=unstable_if action=reinterpret pc=0x0000000002902b28 method=java.util.HashMap.hash(Ljava/lang/Object;)I @ 1
Event: 8.280 Thread 0x0000000017884000 Uncommon trap: reason=unstable_if action=reinterpret pc=0x0000000002eade88 method=java.net.URLClassLoader.isSealed(Ljava/lang/String;Ljava/util/jar/Manifest;)Z @ 26
Event: 8.601 Thread 0x0000000017884000 Uncommon trap: reason=unstable_if action=reinterpret pc=0x000000000263bebc method=java.net.URI.match(CJJ)Z @ 45
Event: 8.748 Thread 0x0000000017884000 Uncommon trap: reason=unstable_if action=reinterpret pc=0x0000000002f581a4 method=java.net.URLClassLoader.isSealed(Ljava/lang/String;Ljava/util/jar/Manifest;)Z @ 26

Classes redefined (0 events):
No events

Internal exceptions (10 events):
Event: 8.516 Thread 0x0000000017884000 Exception <a 'java/lang/ClassNotFoundException': org/gradle/api/internal/artifacts/DefaultArtifactRepositoryContainerBeanInfo> (0x00000000ebec29a0) thrown at [D:\src\AOSP-openjdk-cygwin\jdk8u\hotspot\src\share\vm\classfile\systemDictionary.cpp, line 210]
Event: 8.516 Thread 0x0000000017884000 Exception <a 'java/lang/ClassNotFoundException': org/gradle/api/internal/DefaultNamedDomainObjectListBeanInfo> (0x00000000ebee3c88) thrown at [D:\src\AOSP-openjdk-cygwin\jdk8u\hotspot\src\share\vm\classfile\systemDictionary.cpp, line 210]
Event: 8.517 Thread 0x0000000017884000 Exception <a 'java/lang/ClassNotFoundException': org/gradle/api/internal/DefaultNamedDomainObjectCollectionBeanInfo> (0x00000000ebf06b20) thrown at [D:\src\AOSP-openjdk-cygwin\jdk8u\hotspot\src\share\vm\classfile\systemDictionary.cpp, line 210]
Event: 8.517 Thread 0x0000000017884000 Exception <a 'java/lang/ClassNotFoundException': org/gradle/api/internal/DefaultDomainObjectCollectionBeanInfo> (0x00000000ebf29288) thrown at [D:\src\AOSP-openjdk-cygwin\jdk8u\hotspot\src\share\vm\classfile\systemDictionary.cpp, line 210]
Event: 8.517 Thread 0x0000000017884000 Exception <a 'java/lang/ClassNotFoundException': org/gradle/api/internal/DefaultDomainObjectCollectionCustomizer> (0x00000000ebf4bed8) thrown at [D:\src\AOSP-openjdk-cygwin\jdk8u\hotspot\src\share\vm\classfile\systemDictionary.cpp, line 210]
Event: 8.518 Thread 0x0000000017884000 Exception <a 'java/lang/ClassNotFoundException': org/gradle/api/internal/DefaultNamedDomainObjectCollectionCustomizer> (0x00000000ebf960a8) thrown at [D:\src\AOSP-openjdk-cygwin\jdk8u\hotspot\src\share\vm\classfile\systemDictionary.cpp, line 210]
Event: 8.521 Thread 0x0000000017884000 Exception <a 'java/lang/ClassNotFoundException': org/gradle/api/internal/DefaultNamedDomainObjectListCustomizer> (0x00000000ebfdfc10) thrown at [D:\src\AOSP-openjdk-cygwin\jdk8u\hotspot\src\share\vm\classfile\systemDictionary.cpp, line 210]
Event: 8.523 Thread 0x0000000017884000 Exception <a 'java/lang/ClassNotFoundException': org/gradle/api/internal/artifacts/DefaultArtifactRepositoryContainerCustomizer> (0x00000000ec02ba10) thrown at [D:\src\AOSP-openjdk-cygwin\jdk8u\hotspot\src\share\vm\classfile\systemDictionary.cpp, line 210
Event: 8.525 Thread 0x0000000017884000 Exception <a 'java/lang/ClassNotFoundException': org/gradle/api/internal/artifacts/dsl/DefaultRepositoryHandlerCustomizer> (0x00000000ec06b130) thrown at [D:\src\AOSP-openjdk-cygwin\jdk8u\hotspot\src\share\vm\classfile\systemDictionary.cpp, line 210]
Event: 8.536 Thread 0x0000000017884000 Exception <a 'java/lang/ClassNotFoundException': org/gradle/api/internal/artifacts/dsl/DefaultRepositoryHandler_DecoratedCustomizer> (0x00000000ec0b1558) thrown at [D:\src\AOSP-openjdk-cygwin\jdk8u\hotspot\src\share\vm\classfile\systemDictionary.cpp, line

Events (10 events):
Event: 8.899 loading class org/gradle/api/internal/artifacts/ivyservice/ivyresolve/RepositoryChainModuleResolution
Event: 8.899 loading class org/gradle/api/internal/artifacts/ivyservice/ivyresolve/RepositoryChainModuleResolution done
Event: 8.900 loading class org/gradle/api/internal/artifacts/ivyservice/ivyresolve/RepositoryChainModuleSource
Event: 8.900 loading class org/gradle/api/internal/artifacts/ivyservice/ivyresolve/RepositoryChainModuleSource done
Event: 8.900 loading class org/gradle/internal/component/model/AbstractModuleDescriptorBackedMetaData$DefaultConfigurationMetaData
Event: 8.900 loading class org/gradle/internal/component/model/AbstractModuleDescriptorBackedMetaData$DefaultConfigurationMetaData done
Event: 8.901 loading class org/gradle/internal/component/model/DefaultDependencyMetaData
Event: 8.901 loading class org/gradle/internal/component/model/DefaultDependencyMetaData done
Event: 8.901 loading class org/apache/ivy/core/module/descriptor/DependencyArtifactDescriptor
Event: 8.901 loading class org/apache/ivy/core/module/descriptor/DependencyArtifactDescriptor done


Dynamic libraries:
0x00007ff65de70000 - 0x00007ff65dea1000 	D:\Programe\Android\jre\bin\java.exe
0x00007ffb29ae0000 - 0x00007ffb29cc1000 	C:\WINDOWS\SYSTEM32\ntdll.dll
0x00007ffb27550000 - 0x00007ffb27602000 	C:\WINDOWS\System32\KERNEL32.DLL
0x00007ffb26cf0000 - 0x00007ffb26f63000 	C:\WINDOWS\System32\KERNELBASE.dll
0x00007ffb28cb0000 - 0x00007ffb28d51000 	C:\WINDOWS\System32\ADVAPI32.dll
0x00007ffb29410000 - 0x00007ffb294ae000 	C:\WINDOWS\System32\msvcrt.dll
0x00007ffb27080000 - 0x00007ffb270db000 	C:\WINDOWS\System32\sechost.dll
0x00007ffb294b0000 - 0x00007ffb295d4000 	C:\WINDOWS\System32\RPCRT4.dll
0x00007ffb29850000 - 0x00007ffb299e0000 	C:\WINDOWS\System32\USER32.dll
0x00007ffb269e0000 - 0x00007ffb26a00000 	C:\WINDOWS\System32\win32u.dll
0x00007ffb28d60000 - 0x00007ffb28d88000 	C:\WINDOWS\System32\GDI32.dll
0x00007ffb26790000 - 0x00007ffb26922000 	C:\WINDOWS\System32\gdi32full.dll
0x00007ffb26640000 - 0x00007ffb266df000 	C:\WINDOWS\System32\msvcp_win.dll
0x00007ffb26a00000 - 0x00007ffb26afa000 	C:\WINDOWS\System32\ucrtbase.dll
0x00007ffb1f3f0000 - 0x00007ffb1f659000 	C:\WINDOWS\WinSxS\amd64_microsoft.windows.common-controls_6595b64144ccf1df_6.0.17134.345_none_fb429a5930656358\COMCTL32.dll
0x00007ffb270e0000 - 0x00007ffb27403000 	C:\WINDOWS\System32\combase.dll
0x00007ffb265c0000 - 0x00007ffb2663a000 	C:\WINDOWS\System32\bcryptPrimitives.dll
0x00007ffb28ab0000 - 0x00007ffb28add000 	C:\WINDOWS\System32\IMM32.DLL
0x000000006b170000 - 0x000000006b242000 	D:\Programe\Android\jre\jre\bin\msvcr100.dll
0x000000006b250000 - 0x000000006ba91000 	D:\Programe\Android\jre\jre\bin\server\jvm.dll
0x00007ffb27060000 - 0x00007ffb27068000 	C:\WINDOWS\System32\PSAPI.DLL
0x00007ffb22c70000 - 0x00007ffb22c79000 	C:\WINDOWS\SYSTEM32\WSOCK32.dll
0x00007ffb28ae0000 - 0x00007ffb28b4c000 	C:\WINDOWS\System32\WS2_32.dll
0x00007ffb23d90000 - 0x00007ffb23db3000 	C:\WINDOWS\SYSTEM32\WINMM.dll
0x00007ffb1d440000 - 0x00007ffb1d44a000 	C:\WINDOWS\SYSTEM32\VERSION.dll
0x00007ffb22c80000 - 0x00007ffb22caa000 	C:\WINDOWS\SYSTEM32\WINMMBASE.dll
0x00007ffb266e0000 - 0x00007ffb26729000 	C:\WINDOWS\System32\cfgmgr32.dll
0x00007ffb1f390000 - 0x00007ffb1f39f000 	D:\Programe\Android\jre\jre\bin\verify.dll
0x00007ffaf2290000 - 0x00007ffaf22b9000 	D:\Programe\Android\jre\jre\bin\java.dll
0x00007ffb15040000 - 0x00007ffb15056000 	D:\Programe\Android\jre\jre\bin\zip.dll
0x00007ffb27610000 - 0x00007ffb28a4f000 	C:\WINDOWS\System32\SHELL32.dll
0x00007ffb29780000 - 0x00007ffb29829000 	C:\WINDOWS\System32\shcore.dll
0x00007ffb25eb0000 - 0x00007ffb265bd000 	C:\WINDOWS\System32\windows.storage.dll
0x00007ffb27410000 - 0x00007ffb27461000 	C:\WINDOWS\System32\shlwapi.dll
0x00007ffb25e70000 - 0x00007ffb25e81000 	C:\WINDOWS\System32\kernel.appcore.dll
0x00007ffb25e50000 - 0x00007ffb25e6f000 	C:\WINDOWS\System32\profapi.dll
0x00007ffb25df0000 - 0x00007ffb25e3c000 	C:\WINDOWS\System32\powrprof.dll
0x00007ffb25e40000 - 0x00007ffb25e4a000 	C:\WINDOWS\System32\FLTLIB.DLL
0x00007ffaf2270000 - 0x00007ffaf228a000 	D:\Programe\Android\jre\jre\bin\net.dll
0x00007ffb25610000 - 0x00007ffb25676000 	C:\WINDOWS\system32\mswsock.dll
0x00007ffaf2140000 - 0x00007ffaf2151000 	D:\Programe\Android\jre\jre\bin\nio.dll
0x00007ffaf3040000 - 0x00007ffaf3052000 	C:\Users\tradu\.gradle\native\19\windows-amd64\native-platform.dll
0x00007ffb25390000 - 0x00007ffb253c8000 	C:\WINDOWS\SYSTEM32\IPHLPAPI.DLL
0x00007ffb291e0000 - 0x00007ffb291e8000 	C:\WINDOWS\System32\NSI.dll
0x00007ffb22a70000 - 0x00007ffb22a86000 	C:\WINDOWS\SYSTEM32\dhcpcsvc6.DLL
0x00007ffb22090000 - 0x00007ffb220aa000 	C:\WINDOWS\SYSTEM32\dhcpcsvc.DLL
0x00007ffb257c0000 - 0x00007ffb257d7000 	C:\WINDOWS\SYSTEM32\CRYPTSP.dll
0x00007ffb251f0000 - 0x00007ffb25223000 	C:\WINDOWS\system32\rsaenh.dll
0x00007ffb25950000 - 0x00007ffb25975000 	C:\WINDOWS\SYSTEM32\bcrypt.dll
0x00007ffb25d20000 - 0x00007ffb25d48000 	C:\WINDOWS\SYSTEM32\USERENV.dll
0x00007ffb257e0000 - 0x00007ffb257eb000 	C:\WINDOWS\SYSTEM32\CRYPTBASE.dll

VM Arguments:
jvm_args: -XX:MaxPermSize=256m -XX:+HeapDumpOnOutOfMemoryError -Xmx1024m -Dfile.encoding=windows-1252 -Duser.country=US -Duser.language=en -Duser.variant 
java_command: org.gradle.launcher.daemon.bootstrap.GradleDaemon 2.10
java_class_path (initial): C:\Users\tradu\.gradle\wrapper\dists\gradle-2.10-all\a4w5fzrkeut1ox71xslb49gst\gradle-2.10\lib\gradle-launcher-2.10.jar
Launcher Type: SUN_STANDARD

Environment Variables:
JAVA_HOME=C:\Program Files (x86)\Java\jdk1.8.0_181
PATH=C:\Program Files (x86)\Common Files\Oracle\Java\javapath;C:\ProgramData\Oracle\Java\javapath;C:\WINDOWS\system32;C:\WINDOWS;C:\WINDOWS\System32\Wbem;C:\WINDOWS\System32\WindowsPowerShell\v1.0\;C:\Program Files\Microsoft SQL Server\Client SDK\ODBC\110\Tools\Binn\;C:\Program Files (x86)\Microsoft SQL Server\120\Tools\Binn\;C:\Program Files\Microsoft SQL Server\120\Tools\Binn\;C:\Program Files\Microsoft SQL Server\120\DTS\Binn\;C:\Program Files (x86)\Microsoft SQL Server\120\Tools\Binn\ManagementStudio\;C:\Program Files (x86)\Microsoft SQL Server\120\DTS\Binn\;C:\Program Files (x86)\PuTTY\;C:\Program Files\dotnet\;C:\Program Files\Microsoft SQL Server\130\Tools\Binn\;C:\Program Files\TortoiseSVN\bin;C:\Program Files\Microsoft SQL Server\110\Tools\Binn\;C:\Program Files\Microsoft SQL Server\Client SDK\ODBC\130\Tools\Binn\;C:\Program Files (x86)\Microsoft SQL Server\140\Tools\Binn\;C:\Program Files\Microsoft SQL Server\140\Tools\Binn\;C:\Program Files\Microsoft SQL Server\140\DTS\Binn\;C:\Program Files (x86)\Microsoft SQL Server\Client SDK\ODBC\130\Tools\Binn\;C:\Program Files (x86)\Microsoft SQL Server\140\DTS\Binn\;C:\Program Files (x86)\Microsoft SQL Server\140\Tools\Binn\ManagementStudio\;C:\Program Files\Microsoft\Web Platform Installer\;C:\WINDOWS\System32\OpenSSH\;C:\Program Files\Microsoft VS Code\bin;D:\Programe\Git\cmd;C:\Users\tradu\AppData\Local\Microsoft\WindowsApps;C:\Users\tradu\AppData\Local\GitHubDesktop\bin;%USERPROFILE%\AppData\Local\Microsoft\WindowsApps
USERNAME=tradu
OS=Windows_NT
PROCESSOR_IDENTIFIER=Intel64 Family 6 Model 158 Stepping 9, GenuineIntel



---------------  S Y S T E M  ---------------

OS: Windows 10.0 , 64 bit Build 17134 (10.0.17134.1)

CPU:total 4 (initial active 4) (4 cores per cpu, 1 threads per core) family 6 model 158 stepping 9, cmov, cx8, fxsr, mmx, sse, sse2, sse3, ssse3, sse4.1, sse4.2, popcnt, avx, avx2, aes, clmul, erms, rtm, 3dnowpref, lzcnt, tsc, tscinvbit, bmi1, bmi2, adx

Memory: 4k page, physical 16658508k(4122996k free), swap 20754508k(5444k free)

vm_info: OpenJDK 64-Bit Server VM (25.152-b06) for windows-amd64 JRE (1.8.0_152-release-1136-b06), built by "builder" with MS VC++ 10.0 (VS2010)

time: Thu Oct 25 18:54:40 2018
elapsed time: 9 seconds (0d 0h 0m 9s)

